c:\users\austin\source\repos\cpp_casino\cpp_casino\debug\vc141.pdb
c:\users\austin\source\repos\cpp_casino\cpp_casino\debug\vc141.idb
c:\users\austin\source\repos\cpp_casino\cpp_casino\debug\tournament.obj
c:\users\austin\source\repos\cpp_casino\cpp_casino\debug\player.obj
c:\users\austin\source\repos\cpp_casino\cpp_casino\debug\main.obj
c:\users\austin\source\repos\cpp_casino\cpp_casino\debug\human.obj
c:\users\austin\source\repos\cpp_casino\cpp_casino\debug\deck.obj
c:\users\austin\source\repos\cpp_casino\cpp_casino\debug\computer.obj
c:\users\austin\source\repos\cpp_casino\cpp_casino\debug\casino.obj
c:\users\austin\source\repos\cpp_casino\cpp_casino\debug\card.obj
c:\users\austin\source\repos\cpp_casino\cpp_casino\debug\table.obj
c:\users\austin\source\repos\cpp_casino\cpp_casino\debug\round.obj
c:\users\austin\source\repos\cpp_casino\cpp_casino\debug\build.obj
c:\users\austin\source\repos\cpp_casino\cpp_casino\debug\serialization.obj
c:\users\austin\source\repos\cpp_casino\debug\cpp_casino.exe
c:\users\austin\source\repos\cpp_casino\debug\cpp_casino.ilk
c:\users\austin\source\repos\cpp_casino\debug\cpp_casino.pdb
c:\users\austin\source\repos\cpp_casino\cpp_casino\debug\human.obj.enc
c:\users\austin\source\repos\cpp_casino\cpp_casino\debug\table.obj.enc
c:\users\austin\source\repos\cpp_casino\cpp_casino\debug\cpp_casino.tlog\cl.command.1.tlog
c:\users\austin\source\repos\cpp_casino\cpp_casino\debug\cpp_casino.tlog\cl.read.1.tlog
c:\users\austin\source\repos\cpp_casino\cpp_casino\debug\cpp_casino.tlog\cl.write.1.tlog
c:\users\austin\source\repos\cpp_casino\cpp_casino\debug\cpp_casino.tlog\link.command.1.tlog
c:\users\austin\source\repos\cpp_casino\cpp_casino\debug\cpp_casino.tlog\link.read.1.tlog
c:\users\austin\source\repos\cpp_casino\cpp_casino\debug\cpp_casino.tlog\link.write.1.tlog
